[debug] [2025-11-26T11:44:54.519Z] ----------------------------------------------------------------------
[debug] [2025-11-26T11:44:54.520Z] Command:       C:\Program Files\nodejs\node.exe C:\Users\ayaba\AppData\Roaming\npm\node_modules\firebase-tools\lib\bin\firebase.js init
[debug] [2025-11-26T11:44:54.520Z] CLI Version:   14.26.0
[debug] [2025-11-26T11:44:54.520Z] Platform:      win32
[debug] [2025-11-26T11:44:54.520Z] Node Version:  v22.20.0
[debug] [2025-11-26T11:44:54.521Z] Time:          Wed Nov 26 2025 12:44:54 GMT+0100 (heure normale d’Afrique de l’Ouest)
[debug] [2025-11-26T11:44:54.521Z] ----------------------------------------------------------------------
[debug] 
[info] 
     ######## #### ########  ######## ########     ###     ######  ########
     ##        ##  ##     ## ##       ##     ##  ##   ##  ##       ##
     ######    ##  ########  ######   ########  #########  ######  ######
     ##        ##  ##    ##  ##       ##     ## ##     ##       ## ##
     ##       #### ##     ## ######## ########  ##     ##  ######  ########

You're about to initialize a Firebase project in this directory:

  C:\Users\ayaba\project\whatsappmobile\WhatSapp

[debug] [2025-11-26T11:45:32.468Z] ExitPromptError: User force closed the prompt with SIGINT
    at Interface.sigint (C:\Users\ayaba\AppData\Roaming\npm\node_modules\firebase-tools\node_modules\@inquirer\core\dist\commonjs\lib\create-prompt.js:101:37)
    at Interface.emit (node:events:519:28)
    at Interface.emit (node:domain:489:12)
    at [_ttyWrite] [as _ttyWrite] (node:internal/readline/interface:1128:18)
    at ReadStream.onkeypress (node:internal/readline/interface:271:20)
    at ReadStream.emit (node:events:531:35)
    at ReadStream.emit (node:domain:489:12)
    at emitKeys (node:internal/readline/utils:370:14)
    at emitKeys.next (<anonymous>)
    at ReadStream.onData (node:internal/readline/emitKeypressEvents:64:36)
[error] 
[error] Error: An unexpected error has occurred.
